<?xml version="1.0" encoding="UTF-8"?>
<testng-results ignored="0" total="2" passed="0" failed="2" skipped="0">
  <reporter-output>
  </reporter-output>
  <suite started-at="2022-09-20T14:16:27 WIB" name="Default suite" finished-at="2022-09-20T14:16:56 WIB" duration-ms="29607">
    <groups>
      <group name="cucumber">
        <method signature="AbstractTestNGCucumberTests.runScenario(io.cucumber.testng.PickleWrapper,io.cucumber.testng.FeatureWrapper)[pri:0, instance:com.juaracoding.pageobject.demoqa.TestRunAll@708f5957]" name="runScenario" class="io.cucumber.testng.AbstractTestNGCucumberTests"/>
      </group> <!-- cucumber -->
    </groups>
    <test started-at="2022-09-20T14:16:27 WIB" name="Default test" finished-at="2022-09-20T14:16:56 WIB" duration-ms="29607">
      <class name="com.juaracoding.pageobject.demoqa.TestRunAll">
        <test-method is-config="true" signature="setUpClass(org.testng.ITestContext)[pri:0, instance:com.juaracoding.pageobject.demoqa.TestRunAll@708f5957]" started-at="2022-09-20T14:16:27 WIB" name="setUpClass" finished-at="2022-09-20T14:16:28 WIB" duration-ms="1181" status="PASS">
          <params>
            <param index="0">
              <value>
                <![CDATA[org.testng.TestRunner@61d34b4]]>
              </value>
            </param>
          </params>
          <reporter-output>
          </reporter-output>
        </test-method> <!-- setUpClass -->
        <test-method signature="runScenario(io.cucumber.testng.PickleWrapper,io.cucumber.testng.FeatureWrapper)[pri:0, instance:com.juaracoding.pageobject.demoqa.TestRunAll@708f5957]" started-at="2022-09-20T14:16:28 WIB" name="runScenario" description="Runs Cucumber Scenarios" data-provider="scenarios" finished-at="2022-09-20T14:16:53 WIB" duration-ms="24684" status="FAIL">
          <params>
            <param index="0">
              <value>
                <![CDATA["User Search product"]]>
              </value>
            </param>
            <param index="1">
              <value>
                <![CDATA["Shopping"]]>
              </value>
            </param>
          </params>
          <exception class="java.lang.NullPointerException">
            <message>
              <![CDATA[Cannot invoke "com.relevantcodes.extentreports.ExtentTest.log(com.relevantcodes.extentreports.LogStatus, String)" because "com.juaracoding.pageobject.demoqa.TestShopping.extentTest" is null]]>
            </message>
            <full-stacktrace>
              <![CDATA[java.lang.NullPointerException: Cannot invoke "com.relevantcodes.extentreports.ExtentTest.log(com.relevantcodes.extentreports.LogStatus, String)" because "com.juaracoding.pageobject.demoqa.TestShopping.extentTest" is null
at com.juaracoding.pageobject.demoqa.TestShopping.user_go_to_shop_web(TestShopping.java:32)
at ✽.user go to shop web(file:///C:/Users/ZB/eclipse-workspace/cucumber-testing/src/test/resources/features/3.Shopping.feature:5)
]]>
            </full-stacktrace>
          </exception> <!-- java.lang.NullPointerException -->
          <reporter-output>
          </reporter-output>
        </test-method> <!-- runScenario -->
        <test-method signature="runScenario(io.cucumber.testng.PickleWrapper,io.cucumber.testng.FeatureWrapper)[pri:0, instance:com.juaracoding.pageobject.demoqa.TestRunAll@708f5957]" started-at="2022-09-20T14:16:53 WIB" name="runScenario" description="Runs Cucumber Scenarios" data-provider="scenarios" finished-at="2022-09-20T14:16:53 WIB" duration-ms="734" status="FAIL">
          <params>
            <param index="0">
              <value>
                <![CDATA["Add Cart and Place Order"]]>
              </value>
            </param>
            <param index="1">
              <value>
                <![CDATA["Shopping"]]>
              </value>
            </param>
          </params>
          <exception class="java.lang.NullPointerException">
            <message>
              <![CDATA[Cannot invoke "com.relevantcodes.extentreports.ExtentTest.log(com.relevantcodes.extentreports.LogStatus, String)" because "com.juaracoding.pageobject.demoqa.TestShopping.extentTest" is null]]>
            </message>
            <full-stacktrace>
              <![CDATA[java.lang.NullPointerException: Cannot invoke "com.relevantcodes.extentreports.ExtentTest.log(com.relevantcodes.extentreports.LogStatus, String)" because "com.juaracoding.pageobject.demoqa.TestShopping.extentTest" is null
at com.juaracoding.pageobject.demoqa.TestShopping.user_go_to_shop_web(TestShopping.java:32)
at ✽.user go to shop web(file:///C:/Users/ZB/eclipse-workspace/cucumber-testing/src/test/resources/features/3.Shopping.feature:12)
]]>
            </full-stacktrace>
          </exception> <!-- java.lang.NullPointerException -->
          <reporter-output>
          </reporter-output>
        </test-method> <!-- runScenario -->
        <test-method is-config="true" signature="tearDownClass()[pri:0, instance:com.juaracoding.pageobject.demoqa.TestRunAll@708f5957]" started-at="2022-09-20T14:16:53 WIB" name="tearDownClass" finished-at="2022-09-20T14:16:56 WIB" duration-ms="2885" status="PASS">
          <reporter-output>
          </reporter-output>
        </test-method> <!-- tearDownClass -->
      </class> <!-- com.juaracoding.pageobject.demoqa.TestRunAll -->
    </test> <!-- Default test -->
  </suite> <!-- Default suite -->
</testng-results>
